[debug] [2025-02-18T22:02:08.776Z] ----------------------------------------------------------------------
[debug] [2025-02-18T22:02:08.779Z] Command:       /nix/store/ixbb20farqh1f4fqbmsn6b1ixn8mc8ij-nodejs-20.18.1/bin/node /home/user/.global_modules/bin/firebase init
[debug] [2025-02-18T22:02:08.779Z] CLI Version:   13.31.1
[debug] [2025-02-18T22:02:08.779Z] Platform:      linux
[debug] [2025-02-18T22:02:08.780Z] Node Version:  v20.18.1
[debug] [2025-02-18T22:02:08.780Z] Time:          Tue Feb 18 2025 22:02:08 GMT+0000 (Coordinated Universal Time)
[debug] [2025-02-18T22:02:08.780Z] ----------------------------------------------------------------------
[debug] 
[debug] [2025-02-18T22:02:08.785Z] > command requires scopes: ["email","openid","https://www.googleapis.com/auth/cloudplatformprojects.readonly","https://www.googleapis.com/auth/firebase","https://www.googleapis.com/auth/cloud-platform"]
[debug] [2025-02-18T22:02:08.786Z] > authorizing via signed-in user (ismaelparapi40@gmail.com)
[info] 
     ######## #### ########  ######## ########     ###     ######  ########
     ##        ##  ##     ## ##       ##     ##  ##   ##  ##       ##
     ######    ##  ########  ######   ########  #########  ######  ######
     ##        ##  ##    ##  ##       ##     ## ##     ##       ## ##
     ##       #### ##     ## ######## ########  ##     ##  ######  ########

You're about to initialize a Firebase project in this directory:

  /home/user/proyectotienda2.0

[info] 
=== Project Setup
[info] 
[info] First, let's associate this project directory with a Firebase project.
[info] You can create multiple project aliases by running firebase use --add, 
[info] but for now we'll just set up a default project.
[info] 
[debug] [2025-02-18T22:02:18.853Z] Checked if tokens are valid: true, expires at: 1739919644644
[debug] [2025-02-18T22:02:18.854Z] Checked if tokens are valid: true, expires at: 1739919644644
[debug] [2025-02-18T22:02:18.856Z] >>> [apiv2][query] GET https://firebase.googleapis.com/v1beta1/projects pageSize=100
[debug] [2025-02-18T22:02:19.487Z] <<< [apiv2][status] GET https://firebase.googleapis.com/v1beta1/projects 200
[debug] [2025-02-18T22:02:19.487Z] <<< [apiv2][body] GET https://firebase.googleapis.com/v1beta1/projects [omitted]
[info] i  Using project prueba-7be84 (prueba) 
[info] 
=== Hosting Setup
[debug] [2025-02-18T22:02:21.754Z] Checked if tokens are valid: true, expires at: 1739919644644
[debug] [2025-02-18T22:02:21.754Z] Checked if tokens are valid: true, expires at: 1739919644644
[debug] [2025-02-18T22:02:21.754Z] >>> [apiv2][query] GET https://firebase.googleapis.com/v1beta1/projects/prueba-7be84 [none]
[debug] [2025-02-18T22:02:22.129Z] <<< [apiv2][status] GET https://firebase.googleapis.com/v1beta1/projects/prueba-7be84 200
[debug] [2025-02-18T22:02:22.129Z] <<< [apiv2][body] GET https://firebase.googleapis.com/v1beta1/projects/prueba-7be84 {"projectId":"prueba-7be84","projectNumber":"928153813453","displayName":"prueba","name":"projects/prueba-7be84","resources":{"hostingSite":"prueba-7be84"},"state":"ACTIVE","etag":"1_dcd67120-c674-4fe9-a7e8-163015c6015d"}
[info] 
[info] Your public directory is the folder (relative to your project directory) that
[info] will contain Hosting assets to be uploaded with firebase deploy. If you
[info] have a build process for your assets, use your build's output directory.
[info] 
[debug] [2025-02-18T22:02:37.036Z] >>> [apiv2][query] GET https://www.gstatic.com/firebasejs/releases.json [none]
[debug] [2025-02-18T22:02:37.049Z] <<< [apiv2][status] GET https://www.gstatic.com/firebasejs/releases.json 200
[debug] [2025-02-18T22:02:37.049Z] <<< [apiv2][body] GET https://www.gstatic.com/firebasejs/releases.json {"current":{"version":"11.3.1","browserURL":"https://www.gstatic.com/firebasejs/11.3.1/firebase.js","packageURL":"https://www.gstatic.com/firebasejs/11.3.1/firebase.tgz"},"live":{"version":"11.3","browserURL":"https://www.gstatic.com/firebasejs/live/11.3/firebase.js","packageURL":"https://www.gstatic.com/firebasejs/live/11.3/firebase.tgz"},"components":{"analytics":"https://www.gstatic.com/firebasejs/11.3.1/firebase-analytics.js","app":"https://www.gstatic.com/firebasejs/11.3.1/firebase-app.js","app-check":"https://www.gstatic.com/firebasejs/11.3.1/firebase-app-check.js","auth":"https://www.gstatic.com/firebasejs/11.3.1/firebase-auth.js","auth/cordova":"https://www.gstatic.com/firebasejs/11.3.1/firebase-auth/cordova.js","auth/web-extension":"https://www.gstatic.com/firebasejs/11.3.1/firebase-auth/web-extension.js","functions":"https://www.gstatic.com/firebasejs/11.3.1/firebase-functions.js","firestore":"https://www.gstatic.com/firebasejs/11.3.1/firebase-firestore.js","firestore/lite":"https://www.gstatic.com/firebasejs/11.3.1/firebase-firestore/lite.js","installations":"https://www.gstatic.com/firebasejs/11.3.1/firebase-installations.js","storage":"https://www.gstatic.com/firebasejs/11.3.1/firebase-storage.js","performance":"https://www.gstatic.com/firebasejs/11.3.1/firebase-performance.js","remote-config":"https://www.gstatic.com/firebasejs/11.3.1/firebase-remote-config.js","messaging":"https://www.gstatic.com/firebasejs/11.3.1/firebase-messaging.js","messaging/sw":"https://www.gstatic.com/firebasejs/11.3.1/firebase-messaging/sw.js","database":"https://www.gstatic.com/firebasejs/11.3.1/firebase-database.js","vertexai":"https://www.gstatic.com/firebasejs/11.3.1/firebase-vertexai.js","data-connect":"https://www.gstatic.com/firebasejs/11.3.1/firebase-data-connect.js","firestore.memory":"https://www.gstatic.com/firebasejs/11.3.1/firebase-firestore.memory.js"}}
[info] i  public/index.html is unchanged 
[info] 
[info] i  Detected a .git folder at /home/user/proyectotienda2.0 
[info] i  Authorizing with GitHub to upload your service account to a GitHub repository's secrets store. 
[info] 
[info] Visit this URL on this device to log in:
[info] https://github.com/login/oauth/authorize?client_id=89cf50f02ac6aaed3484&state=485063306&redirect_uri=http%3A%2F%2Flocalhost%3A9005&scope=read%3Auser%20repo%20public_repo
[info] 
[info] Waiting for authentication...
